2025-02-18 17:50:12,327 - INFO - Starting job search process...
2025-02-18 17:50:12,327 - INFO - Extracting skills from resume...
2025-02-18 17:50:12,327 - INFO - Read resume from /Users/admin/Desktop/google/resume.txt, length: 2155 characters
2025-02-18 17:50:12,650 - WARNING - API request failed (attempt 1/3): 404
2025-02-18 17:50:14,965 - WARNING - API request failed (attempt 2/3): 404
2025-02-18 17:50:17,253 - WARNING - API request failed (attempt 3/3): 404
2025-02-18 17:50:17,254 - ERROR - API Error: Status code 404
2025-02-18 17:50:17,254 - INFO - Successfully extracted 0 skills from resume
2025-02-18 17:50:17,254 - INFO - Extracted 0 skills using NER
2025-02-18 17:50:17,255 - ERROR - No keywords extracted or provided. Cannot continue.
2025-02-18 17:53:32,426 - INFO - Starting job search process...
2025-02-18 17:53:32,426 - INFO - Extracting skills from resume...
2025-02-18 17:53:32,426 - INFO - Read resume from /Users/admin/Desktop/google/resume.txt, length: 2155 characters
2025-02-18 17:53:32,751 - WARNING - API request failed (attempt 1/3): 404
2025-02-18 17:53:34,985 - WARNING - API request failed (attempt 2/3): 404
2025-02-18 17:53:37,290 - WARNING - API request failed (attempt 3/3): 404
2025-02-18 17:53:37,290 - ERROR - API Error: Status code 404
2025-02-18 17:53:37,291 - INFO - Successfully extracted 0 skills from resume
2025-02-18 17:53:37,291 - INFO - Extracted 0 skills using NER
2025-02-18 17:53:37,292 - ERROR - No keywords extracted or provided. Cannot continue.
